<?xml version="1.0" encoding="UTF-8"?>
<!-- Generated by org.testng.reporters.JUnitXMLReporter -->
<testsuite ignored="0" hostname="DESKTOP-VIKTTCQ" failures="0" tests="6" name="Default test" time="113.721" errors="0" timestamp="2024-08-20T18:43:27 IST">
  <testcase classname="ExcelPageReaderFile.ExcelPageReader.ExcelReaderSwags" name="verifyExcelReader1" time="5.843"/>
  <testcase classname="ExcelPageReaderFile.ExcelPageReader.ExcelReaderSwags" name="verifyExcelReader2" time="7.197"/>
  <testcase classname="ExcelPageReaderFile.ExcelPageReader.ExcelReaderSwags" name="verifyExcelReader3" time="13.356"/>
  <testcase classname="ExcelPageReaderFile.ExcelPageReader.ExcelReaderSwags" name="verifyExcelReader4" time="11.317"/>
  <testcase classname="ExcelPageReaderFile.ExcelPageReader.ExcelReaderSwags" name="verifyExcelReader5" time="11.627"/>
  <testcase classname="ExcelPageReaderFile.ExcelPageReader.ExcelReaderSwags" name="verifyExcelReader6" time="14.638"/>
</testsuite> <!-- Default test -->
