<?xml version="1.0" encoding="UTF-8"?>
<testng-results ignored="0" total="6" passed="6" failed="0" skipped="0">
  <reporter-output>
  </reporter-output>
  <suite started-at="2024-08-20T18:41:33 IST" name="Default suite" finished-at="2024-08-20T18:43:27 IST" duration-ms="113721">
    <groups>
    </groups>
    <test started-at="2024-08-20T18:41:33 IST" name="Default test" finished-at="2024-08-20T18:43:27 IST" duration-ms="113721">
      <class name="ExcelPageReaderFile.ExcelPageReader.ExcelReaderSwags">
        <test-method is-config="true" signature="setup()[pri:0, instance:ExcelPageReaderFile.ExcelPageReader.ExcelReaderSwags@76494737]" started-at="2024-08-20T18:41:33 IST" name="setup" finished-at="2024-08-20T18:41:42 IST" duration-ms="9448" status="PASS">
          <reporter-output>
          </reporter-output>
        </test-method> <!-- setup -->
        <test-method signature="verifyExcelReader1()[pri:0, instance:ExcelPageReaderFile.ExcelPageReader.ExcelReaderSwags@76494737]" started-at="2024-08-20T18:41:42 IST" name="verifyExcelReader1" finished-at="2024-08-20T18:41:48 IST" duration-ms="5843" status="PASS">
          <reporter-output>
          </reporter-output>
        </test-method> <!-- verifyExcelReader1 -->
        <test-method is-config="true" signature="vsetup()[pri:0, instance:ExcelPageReaderFile.ExcelPageReader.ExcelReaderSwags@76494737]" started-at="2024-08-20T18:41:48 IST" name="vsetup" finished-at="2024-08-20T18:41:48 IST" duration-ms="123" status="PASS">
          <reporter-output>
          </reporter-output>
        </test-method> <!-- vsetup -->
        <test-method is-config="true" signature="setup()[pri:0, instance:ExcelPageReaderFile.ExcelPageReader.ExcelReaderSwags@76494737]" started-at="2024-08-20T18:41:48 IST" name="setup" finished-at="2024-08-20T18:41:57 IST" duration-ms="8552" status="PASS">
          <reporter-output>
          </reporter-output>
        </test-method> <!-- setup -->
        <test-method signature="verifyExcelReader2()[pri:0, instance:ExcelPageReaderFile.ExcelPageReader.ExcelReaderSwags@76494737]" started-at="2024-08-20T18:41:57 IST" name="verifyExcelReader2" finished-at="2024-08-20T18:42:04 IST" duration-ms="7197" status="PASS">
          <reporter-output>
          </reporter-output>
        </test-method> <!-- verifyExcelReader2 -->
        <test-method is-config="true" signature="vsetup()[pri:0, instance:ExcelPageReaderFile.ExcelPageReader.ExcelReaderSwags@76494737]" started-at="2024-08-20T18:42:04 IST" name="vsetup" finished-at="2024-08-20T18:42:04 IST" duration-ms="176" status="PASS">
          <reporter-output>
          </reporter-output>
        </test-method> <!-- vsetup -->
        <test-method is-config="true" signature="setup()[pri:0, instance:ExcelPageReaderFile.ExcelPageReader.ExcelReaderSwags@76494737]" started-at="2024-08-20T18:42:04 IST" name="setup" finished-at="2024-08-20T18:42:13 IST" duration-ms="9123" status="PASS">
          <reporter-output>
          </reporter-output>
        </test-method> <!-- setup -->
        <test-method signature="verifyExcelReader3()[pri:0, instance:ExcelPageReaderFile.ExcelPageReader.ExcelReaderSwags@76494737]" started-at="2024-08-20T18:42:13 IST" name="verifyExcelReader3" finished-at="2024-08-20T18:42:27 IST" duration-ms="13356" status="PASS">
          <reporter-output>
          </reporter-output>
        </test-method> <!-- verifyExcelReader3 -->
        <test-method is-config="true" signature="vsetup()[pri:0, instance:ExcelPageReaderFile.ExcelPageReader.ExcelReaderSwags@76494737]" started-at="2024-08-20T18:42:27 IST" name="vsetup" finished-at="2024-08-20T18:42:28 IST" duration-ms="1374" status="PASS">
          <reporter-output>
          </reporter-output>
        </test-method> <!-- vsetup -->
        <test-method is-config="true" signature="setup()[pri:0, instance:ExcelPageReaderFile.ExcelPageReader.ExcelReaderSwags@76494737]" started-at="2024-08-20T18:42:28 IST" name="setup" finished-at="2024-08-20T18:42:36 IST" duration-ms="8127" status="PASS">
          <reporter-output>
          </reporter-output>
        </test-method> <!-- setup -->
        <test-method signature="verifyExcelReader4()[pri:0, instance:ExcelPageReaderFile.ExcelPageReader.ExcelReaderSwags@76494737]" started-at="2024-08-20T18:42:36 IST" name="verifyExcelReader4" finished-at="2024-08-20T18:42:48 IST" duration-ms="11317" status="PASS">
          <reporter-output>
          </reporter-output>
        </test-method> <!-- verifyExcelReader4 -->
        <test-method is-config="true" signature="vsetup()[pri:0, instance:ExcelPageReaderFile.ExcelPageReader.ExcelReaderSwags@76494737]" started-at="2024-08-20T18:42:48 IST" name="vsetup" finished-at="2024-08-20T18:42:48 IST" duration-ms="135" status="PASS">
          <reporter-output>
          </reporter-output>
        </test-method> <!-- vsetup -->
        <test-method is-config="true" signature="setup()[pri:0, instance:ExcelPageReaderFile.ExcelPageReader.ExcelReaderSwags@76494737]" started-at="2024-08-20T18:42:48 IST" name="setup" finished-at="2024-08-20T18:42:55 IST" duration-ms="6884" status="PASS">
          <reporter-output>
          </reporter-output>
        </test-method> <!-- setup -->
        <test-method signature="verifyExcelReader5()[pri:0, instance:ExcelPageReaderFile.ExcelPageReader.ExcelReaderSwags@76494737]" started-at="2024-08-20T18:42:55 IST" name="verifyExcelReader5" finished-at="2024-08-20T18:43:06 IST" duration-ms="11627" status="PASS">
          <reporter-output>
          </reporter-output>
        </test-method> <!-- verifyExcelReader5 -->
        <test-method is-config="true" signature="vsetup()[pri:0, instance:ExcelPageReaderFile.ExcelPageReader.ExcelReaderSwags@76494737]" started-at="2024-08-20T18:43:06 IST" name="vsetup" finished-at="2024-08-20T18:43:06 IST" duration-ms="116" status="PASS">
          <reporter-output>
          </reporter-output>
        </test-method> <!-- vsetup -->
        <test-method is-config="true" signature="setup()[pri:0, instance:ExcelPageReaderFile.ExcelPageReader.ExcelReaderSwags@76494737]" started-at="2024-08-20T18:43:06 IST" name="setup" finished-at="2024-08-20T18:43:12 IST" duration-ms="5321" status="PASS">
          <reporter-output>
          </reporter-output>
        </test-method> <!-- setup -->
        <test-method signature="verifyExcelReader6()[pri:0, instance:ExcelPageReaderFile.ExcelPageReader.ExcelReaderSwags@76494737]" started-at="2024-08-20T18:43:12 IST" name="verifyExcelReader6" finished-at="2024-08-20T18:43:26 IST" duration-ms="14638" status="PASS">
          <reporter-output>
          </reporter-output>
        </test-method> <!-- verifyExcelReader6 -->
        <test-method is-config="true" signature="vsetup()[pri:0, instance:ExcelPageReaderFile.ExcelPageReader.ExcelReaderSwags@76494737]" started-at="2024-08-20T18:43:26 IST" name="vsetup" finished-at="2024-08-20T18:43:27 IST" duration-ms="274" status="PASS">
          <reporter-output>
          </reporter-output>
        </test-method> <!-- vsetup -->
      </class> <!-- ExcelPageReaderFile.ExcelPageReader.ExcelReaderSwags -->
    </test> <!-- Default test -->
  </suite> <!-- Default suite -->
</testng-results>
